<?xml version="1.0" encoding="UTF-8"?>
<testsuites name="WebdriverIO Jasmine" tests="6" failures="1" errors="0" skipped="0" time="24.881">
  <testsuite name="SauceDemo Inventory" tests="3" failures="1" time="13.440">
    <testcase name="SauceDemo Inventory inventory page displays six products" classname="inventory.spec.js" time="2.891">
      <properties><property name="tc" value="32999"/></properties>
      <system-out><![CDATA[[0-0] Found 6 .inventory_item elements — PASSED]]></system-out>
    </testcase>
    <testcase name="SauceDemo Inventory sort by price low to high shows cheapest item first" classname="inventory.spec.js" time="6.841">
      <properties><property name="tc" value="33000"/></properties>
      <failure message="Expected '$29.99' to equal '$9.99'" type="Error"><![CDATA[Error: Expected '$29.99' to equal '$9.99'
    at Context.<anonymous> (test/specs/inventory.spec.js:16:22)]]></failure>
      <system-out><![CDATA[[0-0] Selected sort: lohi
[0-0] First price: $29.99 (expected $9.99) — sort may not have applied before assertion]]></system-out>
    </testcase>
    <testcase name="SauceDemo Inventory clicking product name opens detail page" classname="inventory.spec.js" time="3.708">
      <properties><property name="tc" value="33001"/></properties>
      <system-out><![CDATA[[0-0] Product detail page loaded — name element visible — PASSED]]></system-out>
    </testcase>
  </testsuite>
  <testsuite name="SauceDemo Login" tests="3" failures="0" time="11.441">
    <testcase name="SauceDemo Login valid credentials navigate to inventory page" classname="login.spec.js" time="3.541">
      <properties><property name="tc" value="33002"/></properties>
      <system-out><![CDATA[[0-0] URL after login contains 'inventory.html' — PASSED]]></system-out>
    </testcase>
    <testcase name="SauceDemo Login locked out user sees error message" classname="login.spec.js" time="3.120">
      <properties><property name="tc" value="33003"/></properties>
      <system-out><![CDATA[[0-0] Error: 'Epic sadface: Sorry, this user has been locked out.' — PASSED]]></system-out>
    </testcase>
    <testcase name="SauceDemo Login empty username field shows validation error" classname="login.spec.js" time="4.780">
      <properties><property name="tc" value="33004"/></properties>
      <system-out><![CDATA[[0-0] Error text: 'Epic sadface: Username is required' — PASSED]]></system-out>
    </testcase>
  </testsuite>
</testsuites>
